2020-05-17 03:09:26,092 INFO 17196 [Timer] C:\Users\frank\Desktop\egg-example\node_modules\egg-multipart\app\schedule\clean_tmpdir.js next time will execute after 4833911ms at 2020-05-17 04:30:00.003
2020-05-17 03:09:26,093 INFO 17196 [Timer] C:\Users\frank\Desktop\egg-example\node_modules\egg-logrotator\app\schedule\clean_log.js next time will execute after 75033907ms at 2020-05-18 00:00:00.000
2020-05-17 03:09:26,093 INFO 17196 [Timer] C:\Users\frank\Desktop\egg-example\node_modules\egg-logrotator\app\schedule\rotate_by_file.js next time will execute after 75034907ms at 2020-05-18 00:00:01.000
2020-05-17 03:09:25,934 INFO 20028 [egg-schedule]: register schedule C:\Users\frank\Desktop\egg-example\node_modules\egg-multipart\app\schedule\clean_tmpdir.js
2020-05-17 03:09:25,934 INFO 20028 [egg-schedule]: register schedule C:\Users\frank\Desktop\egg-example\node_modules\egg-logrotator\app\schedule\clean_log.js
2020-05-17 03:09:25,934 INFO 20028 [egg-schedule]: register schedule C:\Users\frank\Desktop\egg-example\node_modules\egg-logrotator\app\schedule\rotate_by_file.js
2020-05-17 03:17:18,651 INFO 14348 [Timer] C:\Users\frank\Desktop\egg-example\node_modules\egg-multipart\app\schedule\clean_tmpdir.js next time will execute after 4361351ms at 2020-05-17 04:30:00.002
2020-05-17 03:17:18,652 INFO 14348 [Timer] C:\Users\frank\Desktop\egg-example\node_modules\egg-logrotator\app\schedule\clean_log.js next time will execute after 74561348ms at 2020-05-18 00:00:00.000
2020-05-17 03:17:18,652 INFO 14348 [Timer] C:\Users\frank\Desktop\egg-example\node_modules\egg-logrotator\app\schedule\rotate_by_file.js next time will execute after 74562348ms at 2020-05-18 00:00:01.000
2020-05-17 03:17:18,480 INFO 18380 [egg-schedule]: register schedule C:\Users\frank\Desktop\egg-example\node_modules\egg-multipart\app\schedule\clean_tmpdir.js
2020-05-17 03:17:18,480 INFO 18380 [egg-schedule]: register schedule C:\Users\frank\Desktop\egg-example\node_modules\egg-logrotator\app\schedule\clean_log.js
2020-05-17 03:17:18,480 INFO 18380 [egg-schedule]: register schedule C:\Users\frank\Desktop\egg-example\node_modules\egg-logrotator\app\schedule\rotate_by_file.js
2020-05-17 03:17:52,569 INFO 13208 [egg-schedule]: register schedule C:\Users\frank\Desktop\egg-example\node_modules\egg-multipart\app\schedule\clean_tmpdir.js
2020-05-17 03:17:52,569 INFO 13208 [egg-schedule]: register schedule C:\Users\frank\Desktop\egg-example\node_modules\egg-logrotator\app\schedule\clean_log.js
2020-05-17 03:17:52,569 INFO 13208 [egg-schedule]: register schedule C:\Users\frank\Desktop\egg-example\node_modules\egg-logrotator\app\schedule\rotate_by_file.js
2020-05-17 03:19:02,176 INFO 21088 [Timer] C:\Users\frank\Desktop\egg-example\node_modules\egg-multipart\app\schedule\clean_tmpdir.js next time will execute after 4257827ms at 2020-05-17 04:30:00.003
2020-05-17 03:19:02,176 INFO 21088 [Timer] C:\Users\frank\Desktop\egg-example\node_modules\egg-logrotator\app\schedule\clean_log.js next time will execute after 74457824ms at 2020-05-18 00:00:00.000
2020-05-17 03:19:02,177 INFO 21088 [Timer] C:\Users\frank\Desktop\egg-example\node_modules\egg-logrotator\app\schedule\rotate_by_file.js next time will execute after 74458824ms at 2020-05-18 00:00:01.001
2020-05-17 03:19:02,006 INFO 15072 [egg-schedule]: register schedule C:\Users\frank\Desktop\egg-example\node_modules\egg-multipart\app\schedule\clean_tmpdir.js
2020-05-17 03:19:02,006 INFO 15072 [egg-schedule]: register schedule C:\Users\frank\Desktop\egg-example\node_modules\egg-logrotator\app\schedule\clean_log.js
2020-05-17 03:19:02,006 INFO 15072 [egg-schedule]: register schedule C:\Users\frank\Desktop\egg-example\node_modules\egg-logrotator\app\schedule\rotate_by_file.js
